<?xml version="1.0" encoding="UTF-8"?>
<!-- Generated by org.testng.reporters.JUnitXMLReporter -->
<testsuite ignored="0" hostname="DESKTOP-6E2LR27" failures="0" tests="3" name="Test" time="46.706" errors="0" timestamp="2023-06-23T12:44:56 IST">
  <testcase classname="cars.TC_Cars_012" name="lamborghini" time="10.984"/>
  <testcase classname="cars.TC_Cars_013" name="ferrari" time="10.446"/>
  <testcase classname="eshopping.TC_ShoppingSites_022" name="flipkart" time="25.192"/>
</testsuite> <!-- Test -->
