<?xml version="1.0" encoding="UTF-8"?>
<testng-results ignored="0" total="3" passed="3" failed="0" skipped="0">
  <reporter-output>
  </reporter-output>
  <suite started-at="2023-06-23T12:44:09 IST" name="Suite" finished-at="2023-06-23T12:44:56 IST" duration-ms="46706">
    <groups>
      <group name="regression">
        <method signature="TC_ShoppingSites_022.flipkart()[pri:0, instance:eshopping.TC_ShoppingSites_022@87a85e1]" name="flipkart" class="eshopping.TC_ShoppingSites_022"/>
      </group> <!-- regression -->
      <group name="smoke">
        <method signature="TC_Cars_012.lamborghini()[pri:0, instance:cars.TC_Cars_012@69fb6037]" name="lamborghini" class="cars.TC_Cars_012"/>
      </group> <!-- smoke -->
    </groups>
    <test started-at="2023-06-23T12:44:09 IST" name="Test" finished-at="2023-06-23T12:44:56 IST" duration-ms="46706">
      <class name="eshopping.TC_ShoppingSites_022">
        <test-method signature="flipkart()[pri:0, instance:eshopping.TC_ShoppingSites_022@87a85e1]" started-at="2023-06-23T12:44:31 IST" name="flipkart" finished-at="2023-06-23T12:44:56 IST" duration-ms="25192" status="PASS">
          <reporter-output>
          </reporter-output>
        </test-method> <!-- flipkart -->
      </class> <!-- eshopping.TC_ShoppingSites_022 -->
      <class name="cars.TC_Cars_012">
        <test-method signature="lamborghini()[pri:0, instance:cars.TC_Cars_012@69fb6037]" started-at="2023-06-23T12:44:09 IST" name="lamborghini" finished-at="2023-06-23T12:44:20 IST" duration-ms="10984" status="PASS">
          <reporter-output>
          </reporter-output>
        </test-method> <!-- lamborghini -->
      </class> <!-- cars.TC_Cars_012 -->
      <class name="cars.TC_Cars_013">
        <test-method signature="ferrari()[pri:0, instance:cars.TC_Cars_013@36d585c]" started-at="2023-06-23T12:44:20 IST" name="ferrari" finished-at="2023-06-23T12:44:31 IST" duration-ms="10446" status="PASS">
          <reporter-output>
          </reporter-output>
        </test-method> <!-- ferrari -->
      </class> <!-- cars.TC_Cars_013 -->
    </test> <!-- Test -->
  </suite> <!-- Suite -->
</testng-results>
